<?xml version="1.0" encoding="UTF-8"?>
<!-- Generated by org.testng.reporters.JUnitReportReporter -->
<testsuite hostname="DESKTOP-R5R7T0T" failures="0" tests="1" name="testCases.TC_LoginTest_001" time="4.502" errors="0" timestamp="2021-12-15T09:35:42 IST" skipped="0">
  <testcase classname="testCases.TC_LoginTest_001" name="loginTest" time="4.502"/>
  <system-out/>
</testsuite> <!-- testCases.TC_LoginTest_001 -->
